#timehashblock v1
#hashing sha384
0 1681516354 056bb247bbfb984d4a8cfac278c87e131ac95496cd0d23c6128f9bc18f138ff2acbdabe0a0f0ffa6d604372f5c8f72d8 e82518ddcdd9c811d0231d6f229eaf826f5ddc39489df54c8e850e859a19b669f49af0909f06c29367d60c5fa5ced9d1 a683df231fdbc660454f33bb37c3ef45963bb8b77cbccda8aa194ae53f6b16b1abded435958927fa7834998085634206 457ab77c87d908c44c43c02acc5a64b229f4778f1491468b17ce1be010d7db384d1b42dcbc9bcfafe8dc8cf6f3635fa8 a3df6bb17734c806e1d6bda434bb9dd5b8c67868b81a5cef14288a279f77b5907fc2c317ca6b233ce3de1312c76e02e4 1df574996dfa08f6bea8ddfbe4b3c474c480e5352b4be6910afdb1ea3738140dfa62a086bf319564ae549a59a88027af 33519fcdb72764c50a43be1b4a82bd3b3e06515e5a9b45a6cf789ffe0f4038ccfeda03c43e45aca49f01dca9551f62e0 5488437bb0f69b18be4334b205128071d6d9059b9c3a6495fda2fc94dc01a99722b75b8161a2d43f3348c293b9ba8d2a 4b7b6ee8319cf388b1f536b12f27ba465bd0fc510f00edbafb2d45cad56f72160e7965489385544ad6c95b00b4e7506a 38b060a751ac96384cd9327eb1b1e36a21fdb71114be07434c0cc7bf63f6e1da274edebfe76f65fbd51ad2f14898b95b 862a22f7a340524979dfc8b1361fd4f31514825469a6c21282188f1aa2e741654038d117bf42a426e5ffbdbb855ebae7 5ac9466bf0313526fda53fccc47112eeb1aec9fa60d6eded354bb2e2b422a1735b4b4d3be90bb0d4d0481964ace51fb5 c78492b15e4f0d65edcc1c68f05bbc5a05ce316085467384e9c2c06a5798608eb4280b01a2a7161677d0725c24dde169
#root a23d11f45e427ae93a979580b54f901b29838e3fb3ab1d5a4824203899cb36192390d4f23df06d747e22b6b0c04595d5
#hashing md5
a23d11f45e427ae93a979580b54f901b29838e3fb3ab1d5a4824203899cb36192390d4f23df06d747e22b6b0c04595d5 1681516359 01a1e79cf7c231acba9cb46e4d4d1563 fea568b180cf47ac8d46676663abcb78 d5ae962c50e1ca09c11f0d23e267aac3 d41d8cd98f00b204e9800998ecf8427e 4f70a928ef7813e6e215b8370eb0e3fa 4b03f1c8e1095914e41d1a133308db5c 661852a93caa98b1563718725387078f 57d76440fc5c9183c79d1747d18d2410 4dcf169bf3e8cd65e63e3c1a31d7d168 0941216c25fdb3bcf7876f97bb79c865 7c777f1849e08bbd6f7c3c6c1e8034c0 575bc5df76ac415e53f928c81828a610 39db2fa8cde063116461c2bbccc005c4
#root da9e9c2c445e58c222e8757886b35878
#hashing sha384
#hashing md5
#hashing sha1
da9e9c2c445e58c222e8757886b35878 1681516452 da39a3ee5e6b4b0d3255bfef95601890afd80709 a887b8c760616df1c8bd733fa5541c46964b0b33 7585dba8ee01fb387033ec913c48f41e295d51f0 a146ad9731035a90c26311ba24b12a6ac560b34c fa2c32b3d535c0193d8231c101baf79c0d03356e f9365c4d881e93aaf7e2cb739e5a38636069ede5 17371eb7197190738c396538d7bfad7af3d81c58 2c87153926f8a458cffc9a435e15571ba721c2fa 9ba0adffd6541d53a8ed7f0ef1d0c5d3082bb52f ee865bfdaa96217746d0e55ae1ca3456a2abf49f 7847a2a50b911ef0512f8de0c5a9bc21c83ad133 293ed8fc439e612f842dc33f940a86fbd32730d5 1f831da4db403fce8bd502ea0256ec241a8522f4
#root 615a28d40ab6f71189cdf438283afd3b65898fb9
#hashing sha384
#hashing sha1
#hashing sha384
615a28d40ab6f71189cdf438283afd3b65898fb9 1681516603 77af84304944fc3addd1eb45908aaea52bdd8be5e37c21462e95094fe50732f0448b3cb3bd84a982cd704d8d25f30e8a
#root 8cfc8368b76f25d5b428dfb23d767f6d2eb5d3b389de816996e284ac245b19892c375d73aceb4ea1b45f20112414a0c4
8cfc8368b76f25d5b428dfb23d767f6d2eb5d3b389de816996e284ac245b19892c375d73aceb4ea1b45f20112414a0c4 1681516685 4b2463c672d988caf9c4b957a04f971e420df2d1a30fb20652552fd4154f2b1fbdce36ac92132ec92319955ee094dd07
#root 8902da27a69da4e16c2d025f81db61e352b8d2a36c61532bbc2bb0ad7c51a35d7f2dc61458abdbfd17c2be3778b282a0
#hashing md5
8902da27a69da4e16c2d025f81db61e352b8d2a36c61532bbc2bb0ad7c51a35d7f2dc61458abdbfd17c2be3778b282a0 1681516934 0b9648e654fe550db7a416a9aec8811c
#root f9563644f3ad5ee3668cddd054f181d1
#hashing sha1
f9563644f3ad5ee3668cddd054f181d1 1681516937 34d69214167d3280bfca77a61b6da8ec599e96c4
#root b3e40bc589f9ec8b5e614643a604ad43451406d2
1681642611 b3e40bc589f9ec8b5e614643a604ad43451406d2 b1a31d85b7454d14a67a59b1c83fa182ab05d518
#root ab75e5ed8aa4188bb386a8acf70ed4891d115fb9
#hashing md5
1681642786 f9563644f3ad5ee3668cddd054f181d1 ab75e5ed8aa4188bb386a8acf70ed4891d115fb9 5768b1257ea3369bae6ee3fb6149a436
#root c96c974ebda6626a0685625cc7c5d20e
#hashing sha384
1681642792 8902da27a69da4e16c2d025f81db61e352b8d2a36c61532bbc2bb0ad7c51a35d7f2dc61458abdbfd17c2be3778b282a0 c96c974ebda6626a0685625cc7c5d20e f06381ef4cc9c6448f8e1b0ff4083f81a52fabf505b5effdb0c887cf1716c53e6cfcef61052869ef5815d86cb79c3d4c
#root 9b5e2c5bb3c35e2343511c902b888719784054f6b566d22415810b840a90d8da8283d687af32d95a1a74189315702148
1681646005 9b5e2c5bb3c35e2343511c902b888719784054f6b566d22415810b840a90d8da8283d687af32d95a1a74189315702148 9b8fd5ee74347b7f53e861a22ffb902f1e1338adab5d984f2e817c9bdc2a7627c8b5f78c31e268cfa9e2342abb6f5db8
#root dd6897f2cc46b047564537b2a9a86216d3defb3f24a52662fb64df54c2ea7496c9b8c3d77f893db29ac4c956e9740e65
1681646063 dd6897f2cc46b047564537b2a9a86216d3defb3f24a52662fb64df54c2ea7496c9b8c3d77f893db29ac4c956e9740e65 b61d3a8ec13ced01f425023d31e63b04f2dd8570adaf1d9d0b8bd33f2c644327ebfd2250a9e9687da2b5a7deaf4387f4
#root c7b7a335310af7234de17b3341ce48637917613fa87b0380f678fd9905a0ae072d928857256156ceeaccdb2faed5db04
1681647634 c7b7a335310af7234de17b3341ce48637917613fa87b0380f678fd9905a0ae072d928857256156ceeaccdb2faed5db04 55b593d19451fcfe28e2deea03d61e017afea10db7cbdb2b621188230ef18411a40ef947be8cc020f49f0bc62484ab19
#root 35566dc2df0cf97e4f3f67d0e32cac6a1857ba58c5cbe661b10817ca577e9fd188294765245c3ab3044c69db48163099
1681647658 35566dc2df0cf97e4f3f67d0e32cac6a1857ba58c5cbe661b10817ca577e9fd188294765245c3ab3044c69db48163099 e5852bbcb064bc093ed22471b833b7ff316840490e9fc91802199df2f3deb3e19bfbc2ef6913df59ee2e5cddd24c046e
#root 7ee29568505c56ac4766cfc5687989359a6cf075aa03c3b20e03c91d37457ae6c3f26f322ff79eb1cc598d33e3225945
1681647687 7ee29568505c56ac4766cfc5687989359a6cf075aa03c3b20e03c91d37457ae6c3f26f322ff79eb1cc598d33e3225945 70ea522242cc3c9cbe026dfb5e26b42d4457e4c2684a910c191ad66629535130cd9406980c4b638bf2512476d143d334
#root 39b1fa6445842a38014cca3d9484f53e470743ad64031b86e84276110d09fb7cbfa5df6d7df938290f62e4dc6aadd330
1681647953 39b1fa6445842a38014cca3d9484f53e470743ad64031b86e84276110d09fb7cbfa5df6d7df938290f62e4dc6aadd330 196cb676a2ccdf01c001104b8af26c67b790099b97e78467216a265917e9f549ef565ecc1b57e9a572eceae0450244fb
#root fd23e61f89314b4cfe077375a170e2e22c20655ed9dac738c37d1e663f505422515e98ce905b863225958aef8b6bfd62
1681648093 fd23e61f89314b4cfe077375a170e2e22c20655ed9dac738c37d1e663f505422515e98ce905b863225958aef8b6bfd62 8657f3a45f4d041bfb1536477290420d58ec1537b73d0f6cf2c92f2adc712e2a16d1c1f85659ca41d9d186668e0711a5
#root 004f65dc9f6f3ca09f83581380e2f0046b996c5985a4604e76e44bb49f2816c8748136d973b9365532c38fd61739fd87
1681649405 004f65dc9f6f3ca09f83581380e2f0046b996c5985a4604e76e44bb49f2816c8748136d973b9365532c38fd61739fd87 588e772049de61a374d6e80753c6f108ac9133c99d749b546207e7801340d8304fa5d2ff28c1ecd954ca59d07885cbe3
#root 3789b53112ef7d2cfeb6f489dbedb1bdb57bcd19504c1ccc4258ed478bb890b30af446e2cc480f0aec79c6e484b34f85
1681660571 3789b53112ef7d2cfeb6f489dbedb1bdb57bcd19504c1ccc4258ed478bb890b30af446e2cc480f0aec79c6e484b34f85 045d94439bed7bd4cf1cad5c8d1ebb4ecb1c590d478e1400f642437deb21bc0e9705070a1f5d8725c6a1f4b900b5cd19
#root 587ec9bf968249fe43c6a67b7bb5c9accb52b5a49ddd7a2a738c8ebd17ee54905ef51c591454120f2960777f2214d5d5
1681660607 587ec9bf968249fe43c6a67b7bb5c9accb52b5a49ddd7a2a738c8ebd17ee54905ef51c591454120f2960777f2214d5d5 fd2da645af5220a564a72c5e5c306d18f4aea9d2b883d88c0c214b3f4655a3b2801fc016767bbdb8764566621890ebc1
#root 4230b76ea70017b94be2d9d81b65fca6636283e167451ee140d0f4caec1e0bf14bf92639bb5b0f04f2bebb88f0af2fb8
1681662521 4230b76ea70017b94be2d9d81b65fca6636283e167451ee140d0f4caec1e0bf14bf92639bb5b0f04f2bebb88f0af2fb8 2ea7fe62a60cc7fa753cdd6419c023cb77e534bec63bde8c55b5ac7e2eed14d98b14f04029adeda4991dc215d549b666
#root 75ab3d3082f2d0d1194b6eb5ee63c692eef79463de3a489b4832e5474c3cc42e8ba18d3f280649673a0d44d24e2c4cc4
1681662578 75ab3d3082f2d0d1194b6eb5ee63c692eef79463de3a489b4832e5474c3cc42e8ba18d3f280649673a0d44d24e2c4cc4 0626a2dcbc7f3094aaf4695becd7134f7d4a414d19db88c232374c29a873683e66b96bf4c145756b8801bc261dbefc44
#root 39573eddb578a6aad243fc5b4ab30765928447dee47b4541f07620f0fbb51b5132590530bf058308a2ed0d4e2b3cce6b
1681662628 39573eddb578a6aad243fc5b4ab30765928447dee47b4541f07620f0fbb51b5132590530bf058308a2ed0d4e2b3cce6b 9df94d9f07bcf006f83749ccb833b1822669a37e49bd870d8edf8503d7fc8eb8cb6e0a46055661e8261e2ffdd8190fbf
#root 2fca04b656e6258ff3b06a34e77b91f04ee13e027f1876535868a73851173ac5d71a19f3f8d018983420714eca8505e8
1681662763 2fca04b656e6258ff3b06a34e77b91f04ee13e027f1876535868a73851173ac5d71a19f3f8d018983420714eca8505e8 43f402fcee3bb5c2f259950e4c5841efb180d07634c2617d62e42cc0c1ce7d0e68f3b69a42283bd076d1f308ce4268da
#root a08e1bcff4c36f216e1dfda8bbecd51070a6f13480a0450305ff92f4fa4b1254a78c08d97ac18a698d7b82d68d51a61a
1681662847 a08e1bcff4c36f216e1dfda8bbecd51070a6f13480a0450305ff92f4fa4b1254a78c08d97ac18a698d7b82d68d51a61a 97d1faf65c2941494a9e1952df6f28f9a5ab24a26d91af55cfebbd0d42585bbdd35cdf540ee3d391aeb28c41522bf306
#root d0904bf6b0f5768a7783c8ec7e30531f017629652521c4cea83c3c05f6051f318d60d9c4d7686f7d9086f8edf8d41752
1681662863 d0904bf6b0f5768a7783c8ec7e30531f017629652521c4cea83c3c05f6051f318d60d9c4d7686f7d9086f8edf8d41752 a696a06e1946bdf99c0181fc8ecc7e143a7452c674fc76567c2020134ccd93c387d26e8f243b1798aef72950c6af6947
#root 9c6d177b2101d42278a86695ab62ad660142923c63faa76c47885324fd57410110770d0af6f4c1e2864c687a64ef37af
1681662871 9c6d177b2101d42278a86695ab62ad660142923c63faa76c47885324fd57410110770d0af6f4c1e2864c687a64ef37af 9a25ca8d0563c50920710e5108e680ce08026de501d0c9fe88d4431d6c73f147ccf97e2efb6467eacfbb274667389b53
#root 499e92e71a34e8bf7a037a8949030d74eb1ff63a7d45251eaed0a33e8c11b534e91ef35cb5c86c8a4c4b0aed48e02117
1681662908 499e92e71a34e8bf7a037a8949030d74eb1ff63a7d45251eaed0a33e8c11b534e91ef35cb5c86c8a4c4b0aed48e02117 03e874f7cbb0ef5b67ee188e4a7414449c5d3ca78d53bfbc25a95c82c35378b240dc6fb388ae4233ce947a08672d6fca
#root bf336d62398382f8da957325e5cf7f2fa0151e04c270a768339b38338df640bd295d27749ddf2aff2737baa3719440d4
1683920180 bf336d62398382f8da957325e5cf7f2fa0151e04c270a768339b38338df640bd295d27749ddf2aff2737baa3719440d4 f221a1509a68bbfb7aa4c3e2eaee7cfd9b0edbd42a32678e547b3c46d3195961049465c4bbf5433e220eed60438ea761
#root f33e6f5432fe94f13ef85137c5109232759b6af47e3c390e1f5c5cc079ba849b273cc5e6251af020fc63c19660e4bd70
1688568161 f33e6f5432fe94f13ef85137c5109232759b6af47e3c390e1f5c5cc079ba849b273cc5e6251af020fc63c19660e4bd70 65ccdebbff052d3e7113e46df38785e34f5b8a7162b04362a883d35277c6e6bab0e07318b618d75230834dde7c7d685f 8a2229200e54955dcb8c81474044ffb3896511985ed27be78e55ff5f798075b8a46412d8c332244b86ff36bc8bcc82ac
#root bad2abe185abd3c05b8cca6a82aedb45c151bebd68fdf4548b43b57d57b8adb87ae75bcbca855e2f3d95a583aed5aaee
1688568520 bad2abe185abd3c05b8cca6a82aedb45c151bebd68fdf4548b43b57d57b8adb87ae75bcbca855e2f3d95a583aed5aaee e7a9e11f22e9909c97a9576029261d3965f9eaec4986934f9c5cde06357bf7a6abe4808651f206b6df118760921367f5
#root 9f4fe0d9f5e8aa871aa7371570ef756557398a49270cd06a2f3f1b500755a1564ceafc20572c2e6ee27a3755bc28e4f0
1688568552 9f4fe0d9f5e8aa871aa7371570ef756557398a49270cd06a2f3f1b500755a1564ceafc20572c2e6ee27a3755bc28e4f0 044e2107215431e0b6869e79ea3c3c9bbb3258897b249d2d98a56c63cf8699132100b824a0a19f64bd8c5631f09ff603
#root 6e53c9ff23dc37b4d61fe535467e5cc3b767967577ddaa68f60cedc40c9582ca86c4abed93427da1fff0f8d3c57461f2
1688568843 6e53c9ff23dc37b4d61fe535467e5cc3b767967577ddaa68f60cedc40c9582ca86c4abed93427da1fff0f8d3c57461f2 dfb217119fad42c6c423daa55ad624787d7c97a042498bfc9232fea95b07f74568605231b479bc0857ca4352898ccdaf 4c6c00e01a0c94451d02da9443b4e6394eceb5b22610d634fac94528b287c862dec7b9dea33159b4744674221c6630e1
#root a3c6566b7218b4a05f25307c9769699211f25d8d7c3a1f081f7ad125f8faf98881e5f4e40ee49647184f8b3b690cfcaf
1688568874 a3c6566b7218b4a05f25307c9769699211f25d8d7c3a1f081f7ad125f8faf98881e5f4e40ee49647184f8b3b690cfcaf 1bdd0d879089276198b5e1ead9d7f93fea05a70103f760d870037d65358b644a10672104d5034962791be645a591734d
#root e0f84c7ff7be0a5d0d3d163b0945c5627633e27be0e9db44283d03744212903154aecedf11735caff20e7cdeab5ed88c
1688568954 e0f84c7ff7be0a5d0d3d163b0945c5627633e27be0e9db44283d03744212903154aecedf11735caff20e7cdeab5ed88c 65b080055165abc3bf05ea4a64b1073bed57bdb50bdd2afc9136c499673f935a476bdab58673de33bed5d88a6d636b25
#root 3490eff5a77ce962edb3b3cb89f7581811d88ecef9596720c4f4427a5e83d73928f775e735533edf5dde1d029dd0c93b
